2006.02.02 08:51 B C:\Documents and Settings\G Shay\My Documents\SiteForesight\Websites\Wolfson.net\web_images\photos\images\blvddrink2.jpg --> www.siteforesight.com /httpdocs/wolfson/web_images/photos/images blvddrink2.jpg
2006.02.02 08:52 B C:\Documents and Settings\G Shay\My Documents\SiteForesight\Websites\Wolfson.net\web_images\photos\images\blvddrinks1.jpg --> www.siteforesight.com /httpdocs/wolfson/web_images/photos/images blvddrinks1.jpg
2006.02.02 08:52 B C:\Documents and Settings\G Shay\My Documents\SiteForesight\Websites\Wolfson.net\web_images\photos\images\brooklynroof.jpg --> www.siteforesight.com /httpdocs/wolfson/web_images/photos/images brooklynroof.jpg
2006.02.02 08:52 B C:\Documents and Settings\G Shay\My Documents\SiteForesight\Websites\Wolfson.net\web_images\photos\images\canalbroadway.jpg --> www.siteforesight.com /httpdocs/wolfson/web_images/photos/images canalbroadway.jpg
2006.02.02 08:52 B C:\Documents and Settings\G Shay\My Documents\SiteForesight\Websites\Wolfson.net\web_images\photos\images\casino.jpg --> www.siteforesight.com /httpdocs/wolfson/web_images/photos/images casino.jpg
2006.02.02 08:52 B C:\Documents and Settings\G Shay\My Documents\SiteForesight\Websites\Wolfson.net\web_images\photos\images\flamingo.jpg --> www.siteforesight.com /httpdocs/wolfson/web_images/photos/images flamingo.jpg
2006.02.02 08:52 B C:\Documents and Settings\G Shay\My Documents\SiteForesight\Websites\Wolfson.net\web_images\photos\images\follies.jpg --> www.siteforesight.com /httpdocs/wolfson/web_images/photos/images follies.jpg
2006.02.02 08:52 B C:\Documents and Settings\G Shay\My Documents\SiteForesight\Websites\Wolfson.net\web_images\photos\images\gasland.jpg --> www.siteforesight.com /httpdocs/wolfson/web_images/photos/images gasland.jpg
2006.02.02 08:52 B C:\Documents and Settings\G Shay\My Documents\SiteForesight\Websites\Wolfson.net\web_images\photos\images\hotelcav.jpg --> www.siteforesight.com /httpdocs/wolfson/web_images/photos/images hotelcav.jpg
2006.02.02 08:52 B C:\Documents and Settings\G Shay\My Documents\SiteForesight\Websites\Wolfson.net\web_images\photos\images\hotelhall.jpg --> www.siteforesight.com /httpdocs/wolfson/web_images/photos/images hotelhall.jpg
2006.02.02 08:52 B C:\Documents and Settings\G Shay\My Documents\SiteForesight\Websites\Wolfson.net\web_images\photos\images\hudsonhotel.jpg --> www.siteforesight.com /httpdocs/wolfson/web_images/photos/images hudsonhotel.jpg
2006.02.02 08:52 B C:\Documents and Settings\G Shay\My Documents\SiteForesight\Websites\Wolfson.net\web_images\photos\images\loral.jpg --> www.siteforesight.com /httpdocs/wolfson/web_images/photos/images loral.jpg
2006.02.02 08:52 B C:\Documents and Settings\G Shay\My Documents\SiteForesight\Websites\Wolfson.net\web_images\photos\images\mas.jpg --> www.siteforesight.com /httpdocs/wolfson/web_images/photos/images mas.jpg
2006.02.02 08:52 B C:\Documents and Settings\G Shay\My Documents\SiteForesight\Websites\Wolfson.net\web_images\photos\images\midtowndiner.jpg --> www.siteforesight.com /httpdocs/wolfson/web_images/photos/images midtowndiner.jpg
2006.02.02 08:52 B C:\Documents and Settings\G Shay\My Documents\SiteForesight\Websites\Wolfson.net\web_images\photos\images\Miss America_fullview_grey_GS.jpg --> www.siteforesight.com /httpdocs/wolfson/web_images/photos/images Miss America_fullview_grey_GS.jpg
2006.02.02 08:53 B C:\Documents and Settings\G Shay\My Documents\SiteForesight\Websites\Wolfson.net\web_images\photos\images\missadiner.jpg --> www.siteforesight.com /httpdocs/wolfson/web_images/photos/images missadiner.jpg
2006.02.02 08:53 B C:\Documents and Settings\G Shay\My Documents\SiteForesight\Websites\Wolfson.net\web_images\photos\images\MissAmerica_angleview_GS.jpg --> www.siteforesight.com /httpdocs/wolfson/web_images/photos/images MissAmerica_angleview_GS.jpg
2006.02.02 08:53 B C:\Documents and Settings\G Shay\My Documents\SiteForesight\Websites\Wolfson.net\web_images\photos\images\MissAmerica_front_GS.jpg --> www.siteforesight.com /httpdocs/wolfson/web_images/photos/images MissAmerica_front_GS.jpg
2006.02.02 08:53 B C:\Documents and Settings\G Shay\My Documents\SiteForesight\Websites\Wolfson.net\web_images\photos\images\MissAmerica_fullinterior_GS.jpg --> www.siteforesight.com /httpdocs/wolfson/web_images/photos/images MissAmerica_fullinterior_GS.jpg
2006.02.02 08:53 B C:\Documents and Settings\G Shay\My Documents\SiteForesight\Websites\Wolfson.net\web_images\photos\images\MissAmerica_fullview_GS.jpg --> www.siteforesight.com /httpdocs/wolfson/web_images/photos/images MissAmerica_fullview_GS.jpg
2006.02.02 08:53 B C:\Documents and Settings\G Shay\My Documents\SiteForesight\Websites\Wolfson.net\web_images\photos\images\MissAmerica_register_GS.jpg --> www.siteforesight.com /httpdocs/wolfson/web_images/photos/images MissAmerica_register_GS.jpg
2006.02.02 08:53 B C:\Documents and Settings\G Shay\My Documents\SiteForesight\Websites\Wolfson.net\web_images\photos\images\MissAmerica_roof_GS.jpg --> www.siteforesight.com /httpdocs/wolfson/web_images/photos/images MissAmerica_roof_GS.jpg
2006.02.02 08:53 B C:\Documents and Settings\G Shay\My Documents\SiteForesight\Websites\Wolfson.net\web_images\photos\images\MissAmerica_tables_GS.jpg --> www.siteforesight.com /httpdocs/wolfson/web_images/photos/images MissAmerica_tables_GS.jpg
2006.02.02 08:53 B C:\Documents and Settings\G Shay\My Documents\SiteForesight\Websites\Wolfson.net\web_images\photos\images\moes.jpg --> www.siteforesight.com /httpdocs/wolfson/web_images/photos/images moes.jpg
2006.02.02 08:53 B C:\Documents and Settings\G Shay\My Documents\SiteForesight\Websites\Wolfson.net\web_images\photos\images\mrlucky.jpg --> www.siteforesight.com /httpdocs/wolfson/web_images/photos/images mrlucky.jpg
2006.02.02 08:53 B C:\Documents and Settings\G Shay\My Documents\SiteForesight\Websites\Wolfson.net\web_images\photos\images\nathans.jpg --> www.siteforesight.com /httpdocs/wolfson/web_images/photos/images nathans.jpg
2006.02.02 08:53 B C:\Documents and Settings\G Shay\My Documents\SiteForesight\Websites\Wolfson.net\web_images\photos\images\nonstop.jpg --> www.siteforesight.com /httpdocs/wolfson/web_images/photos/images nonstop.jpg
2006.02.02 08:53 B C:\Documents and Settings\G Shay\My Documents\SiteForesight\Websites\Wolfson.net\web_images\photos\images\nyarmynavy.jpg --> www.siteforesight.com /httpdocs/wolfson/web_images/photos/images nyarmynavy.jpg
2006.02.02 08:53 B C:\Documents and Settings\G Shay\My Documents\SiteForesight\Websites\Wolfson.net\web_images\photos\images\nybest.jpg --> www.siteforesight.com /httpdocs/wolfson/web_images/photos/images nybest.jpg
2006.02.02 08:53 B C:\Documents and Settings\G Shay\My Documents\SiteForesight\Websites\Wolfson.net\web_images\photos\images\occhotelroon.jpg --> www.siteforesight.com /httpdocs/wolfson/web_images/photos/images occhotelroon.jpg
2006.02.02 08:53 B C:\Documents and Settings\G Shay\My Documents\SiteForesight\Websites\Wolfson.net\web_images\photos\images\paradisehotel.jpg --> www.siteforesight.com /httpdocs/wolfson/web_images/photos/images paradisehotel.jpg
2006.02.02 08:53 B C:\Documents and Settings\G Shay\My Documents\SiteForesight\Websites\Wolfson.net\web_images\photos\images\penn.jpg --> www.siteforesight.com /httpdocs/wolfson/web_images/photos/images penn.jpg
2006.02.02 08:53 B C:\Documents and Settings\G Shay\My Documents\SiteForesight\Websites\Wolfson.net\web_images\photos\images\phonebooth.jpg --> www.siteforesight.com /httpdocs/wolfson/web_images/photos/images phonebooth.jpg
2006.02.02 08:53 B C:\Documents and Settings\G Shay\My Documents\SiteForesight\Websites\Wolfson.net\web_images\photos\images\playboys.jpg --> www.siteforesight.com /httpdocs/wolfson/web_images/photos/images playboys.jpg
2006.02.02 08:53 B C:\Documents and Settings\G Shay\My Documents\SiteForesight\Websites\Wolfson.net\web_images\photos\images\rialtocinema.jpg --> www.siteforesight.com /httpdocs/wolfson/web_images/photos/images rialtocinema.jpg
2006.02.02 08:53 B C:\Documents and Settings\G Shay\My Documents\SiteForesight\Websites\Wolfson.net\web_images\photos\images\stcorner1.jpg --> www.siteforesight.com /httpdocs/wolfson/web_images/photos/images stcorner1.jpg
2006.02.02 08:53 B C:\Documents and Settings\G Shay\My Documents\SiteForesight\Websites\Wolfson.net\web_images\photos\images\stcorner2.jpg --> www.siteforesight.com /httpdocs/wolfson/web_images/photos/images stcorner2.jpg
2006.02.02 08:54 B C:\Documents and Settings\G Shay\My Documents\SiteForesight\Websites\Wolfson.net\web_images\photos\images\stgeorge.jpg --> www.siteforesight.com /httpdocs/wolfson/web_images/photos/images stgeorge.jpg
2006.02.02 08:54 B C:\Documents and Settings\G Shay\My Documents\SiteForesight\Websites\Wolfson.net\web_images\photos\images\subway.jpg --> www.siteforesight.com /httpdocs/wolfson/web_images/photos/images subway.jpg
2006.02.02 08:54 B C:\Documents and Settings\G Shay\My Documents\SiteForesight\Websites\Wolfson.net\web_images\photos\images\subwaykiosk.jpg --> www.siteforesight.com /httpdocs/wolfson/web_images/photos/images subwaykiosk.jpg
2006.02.02 08:54 B C:\Documents and Settings\G Shay\My Documents\SiteForesight\Websites\Wolfson.net\web_images\photos\images\terminaldiner.jpg --> www.siteforesight.com /httpdocs/wolfson/web_images/photos/images terminaldiner.jpg
2006.02.02 08:54 B C:\Documents and Settings\G Shay\My Documents\SiteForesight\Websites\Wolfson.net\web_images\photos\images\Thumbs.db --> www.siteforesight.com /httpdocs/wolfson/web_images/photos/images Thumbs.db
2006.02.02 08:54 B C:\Documents and Settings\G Shay\My Documents\SiteForesight\Websites\Wolfson.net\web_images\photos\images\timessq.jpg --> www.siteforesight.com /httpdocs/wolfson/web_images/photos/images timessq.jpg
2006.02.02 08:54 B C:\Documents and Settings\G Shay\My Documents\SiteForesight\Websites\Wolfson.net\web_images\photos\images\toatlanticave.jpg --> www.siteforesight.com /httpdocs/wolfson/web_images/photos/images toatlanticave.jpg
2006.02.02 08:54 B C:\Documents and Settings\G Shay\My Documents\SiteForesight\Websites\Wolfson.net\web_images\photos\images\truelove.jpg --> www.siteforesight.com /httpdocs/wolfson/web_images/photos/images truelove.jpg
2006.02.02 08:54 B C:\Documents and Settings\G Shay\My Documents\SiteForesight\Websites\Wolfson.net\web_images\photos\images\tubebar.jpg --> www.siteforesight.com /httpdocs/wolfson/web_images/photos/images tubebar.jpg
2006.02.02 08:54 B C:\Documents and Settings\G Shay\My Documents\SiteForesight\Websites\Wolfson.net\web_images\photos\images\tubebar_02.jpg --> www.siteforesight.com /httpdocs/wolfson/web_images/photos/images tubebar_02.jpg
2006.02.02 08:54 B C:\Documents and Settings\G Shay\My Documents\SiteForesight\Websites\Wolfson.net\web_images\photos\images\tubebar_03.jpg --> www.siteforesight.com /httpdocs/wolfson/web_images/photos/images tubebar_03.jpg
2006.02.02 08:54 B C:\Documents and Settings\G Shay\My Documents\SiteForesight\Websites\Wolfson.net\web_images\photos\images\village_cigarsGstylexlCC.jpg --> www.siteforesight.com /httpdocs/wolfson/web_images/photos/images village_cigarsGstylexlCC.jpg
2006.02.02 08:54 B C:\Documents and Settings\G Shay\My Documents\SiteForesight\Websites\Wolfson.net\web_images\photos\images\villagecigars.jpg --> www.siteforesight.com /httpdocs/wolfson/web_images/photos/images villagecigars.jpg
2006.02.02 08:54 B C:\Documents and Settings\G Shay\My Documents\SiteForesight\Websites\Wolfson.net\web_images\photos\images\whitetower.jpg --> www.siteforesight.com /httpdocs/wolfson/web_images/photos/images whitetower.jpg
2006.02.02 08:55 B C:\Documents and Settings\G Shay\My Documents\SiteForesight\Websites\Wolfson.net\web_images\photos\images\wildgirls.jpg --> www.siteforesight.com /httpdocs/wolfson/web_images/photos/images wildgirls.jpg
2006.02.02 20:42 B C:\Documents and Settings\G Shay\My Documents\SiteForesight\Websites\Wolfson.net\web_images\photos\images\occhotelroom_04.jpg --> www.siteforesight.com /httpdocs/wolfson/web_images/photos/images occhotelroom_04.jpg
2006.02.02 20:42 B C:\Documents and Settings\G Shay\My Documents\SiteForesight\Websites\Wolfson.net\web_images\photos\images\occhotelroom_03.jpg --> www.siteforesight.com /httpdocs/wolfson/web_images/photos/images occhotelroom_03.jpg
2006.02.02 20:42 B C:\Documents and Settings\G Shay\My Documents\SiteForesight\Websites\Wolfson.net\web_images\photos\images\occhotelroom_05.jpg --> www.siteforesight.com /httpdocs/wolfson/web_images/photos/images occhotelroom_05.jpg
2006.02.02 20:42 B C:\Documents and Settings\G Shay\My Documents\SiteForesight\Websites\Wolfson.net\web_images\photos\images\occhotelroom06.jpg --> www.siteforesight.com /httpdocs/wolfson/web_images/photos/images occhotelroom06.jpg
2006.02.02 20:42 B C:\Documents and Settings\G Shay\My Documents\SiteForesight\Websites\Wolfson.net\web_images\photos\images\occhotelroom_02.jpg --> www.siteforesight.com /httpdocs/wolfson/web_images/photos/images occhotelroom_02.jpg
2006.02.02 20:42 B C:\Documents and Settings\G Shay\My Documents\SiteForesight\Websites\Wolfson.net\web_images\photos\images\terminaldiner_03.jpg --> www.siteforesight.com /httpdocs/wolfson/web_images/photos/images terminaldiner_03.jpg
2006.02.02 20:42 B C:\Documents and Settings\G Shay\My Documents\SiteForesight\Websites\Wolfson.net\web_images\photos\images\loral_04.jpg --> www.siteforesight.com /httpdocs/wolfson/web_images/photos/images loral_04.jpg
2006.02.02 20:42 B C:\Documents and Settings\G Shay\My Documents\SiteForesight\Websites\Wolfson.net\web_images\photos\images\terminaldiner_02.jpg --> www.siteforesight.com /httpdocs/wolfson/web_images/photos/images terminaldiner_02.jpg
2006.02.02 20:42 B C:\Documents and Settings\G Shay\My Documents\SiteForesight\Websites\Wolfson.net\web_images\photos\images\follies_02.jpg --> www.siteforesight.com /httpdocs/wolfson/web_images/photos/images follies_02.jpg
2006.02.02 20:42 B C:\Documents and Settings\G Shay\My Documents\SiteForesight\Websites\Wolfson.net\web_images\photos\images\casino.jpg --> www.siteforesight.com /httpdocs/wolfson/web_images/photos/images casino.jpg
2006.02.02 20:43 B C:\Documents and Settings\G Shay\My Documents\SiteForesight\Websites\Wolfson.net\web_images\photos\images\casino_02.jpg --> www.siteforesight.com /httpdocs/wolfson/web_images/photos/images casino_02.jpg
2006.02.02 20:43 B C:\Documents and Settings\G Shay\My Documents\SiteForesight\Websites\Wolfson.net\web_images\photos\images\loral.jpg --> www.siteforesight.com /httpdocs/wolfson/web_images/photos/images loral.jpg
2006.02.02 20:43 B C:\Documents and Settings\G Shay\My Documents\SiteForesight\Websites\Wolfson.net\web_images\photos\images\loral_02.jpg --> www.siteforesight.com /httpdocs/wolfson/web_images/photos/images loral_02.jpg
2006.02.02 20:43 B C:\Documents and Settings\G Shay\My Documents\SiteForesight\Websites\Wolfson.net\web_images\photos\images\loral_03.jpg --> www.siteforesight.com /httpdocs/wolfson/web_images/photos/images loral_03.jpg
2006.02.02 20:43 B C:\Documents and Settings\G Shay\My Documents\SiteForesight\Websites\Wolfson.net\web_images\photos\images\villagecigars.jpg --> www.siteforesight.com /httpdocs/wolfson/web_images/photos/images villagecigars.jpg
2006.02.02 20:43 B C:\Documents and Settings\G Shay\My Documents\SiteForesight\Websites\Wolfson.net\web_images\photos\images\villagecigars_02.jpg --> www.siteforesight.com /httpdocs/wolfson/web_images/photos/images villagecigars_02.jpg
2006.02.02 20:47 B C:\Documents and Settings\G Shay\My Documents\SiteForesight\Websites\Wolfson.net\web_images\photos\images\occhotelroom_04.jpg --> www.siteforesight.com /httpdocs/wolfson/web_images/photos/images occhotelroom_04.jpg
2006.02.02 20:47 B C:\Documents and Settings\G Shay\My Documents\SiteForesight\Websites\Wolfson.net\web_images\photos\images\occhotelroom.jpg --> www.siteforesight.com /httpdocs/wolfson/web_images/photos/images occhotelroom.jpg
2006.02.03 11:43 B C:\Documents and Settings\G Shay\My Documents\SiteForesight\Websites\Wolfson.net\web_images\photos\images\blvddrinks1_03.jpg --> www.siteforesight.com /httpdocs/wolfson/web_images/photos/images blvddrinks1_03.jpg
2006.02.03 11:43 B C:\Documents and Settings\G Shay\My Documents\SiteForesight\Websites\Wolfson.net\web_images\photos\images\blvddrinks1_02.jpg --> www.siteforesight.com /httpdocs/wolfson/web_images/photos/images blvddrinks1_02.jpg
2006.02.03 11:43 B C:\Documents and Settings\G Shay\My Documents\SiteForesight\Websites\Wolfson.net\web_images\photos\images\blvddrinks2_04.jpg --> www.siteforesight.com /httpdocs/wolfson/web_images/photos/images blvddrinks2_04.jpg
2006.02.03 11:43 B C:\Documents and Settings\G Shay\My Documents\SiteForesight\Websites\Wolfson.net\web_images\photos\images\blvddrinks2_03.jpg --> www.siteforesight.com /httpdocs/wolfson/web_images/photos/images blvddrinks2_03.jpg
2006.02.03 11:43 B C:\Documents and Settings\G Shay\My Documents\SiteForesight\Websites\Wolfson.net\web_images\photos\images\blvddrinks2_02.jpg --> www.siteforesight.com /httpdocs/wolfson/web_images/photos/images blvddrinks2_02.jpg
2006.02.03 11:43 B C:\Documents and Settings\G Shay\My Documents\SiteForesight\Websites\Wolfson.net\web_images\photos\images\wildgirls_02.jpg --> www.siteforesight.com /httpdocs/wolfson/web_images/photos/images wildgirls_02.jpg
2006.02.03 11:43 B C:\Documents and Settings\G Shay\My Documents\SiteForesight\Websites\Wolfson.net\web_images\photos\images\wildgirls.jpg --> www.siteforesight.com /httpdocs/wolfson/web_images/photos/images wildgirls.jpg
2006.02.03 11:43 B C:\Documents and Settings\G Shay\My Documents\SiteForesight\Websites\Wolfson.net\web_images\photos\images\nathans_03.jpg --> www.siteforesight.com /httpdocs/wolfson/web_images/photos/images nathans_03.jpg
2006.02.03 11:43 B C:\Documents and Settings\G Shay\My Documents\SiteForesight\Websites\Wolfson.net\web_images\photos\images\nathans_02.jpg --> www.siteforesight.com /httpdocs/wolfson/web_images/photos/images nathans_02.jpg
2006.02.03 12:57 B C:\Documents and Settings\G Shay\My Documents\SiteForesight\Websites\Wolfson.net\web_images\photos\images\wildgirls_02.jpg --> www.siteforesight.com /httpdocs/wolfson/web_images/photos/images wildgirls_02.jpg
2006.02.03 15:34 B C:\Documents and Settings\G Shay\My Documents\SiteForesight\Websites\Wolfson.net\web_images\photos\images\blvddrinks1.jpg --> www.siteforesight.com /httpdocs/wolfson/web_images/photos/images blvddrinks1.jpg
2006.02.07 16:19 B C:\Documents and Settings\G Shay\My Documents\SiteForesight\Websites\Wolfson.net\web_images\photos\images\mas_02.jpg --> www.siteforesight.com /httpdocs/wolfson/web_images/photos/images mas_02.jpg
2006.02.07 16:19 B C:\Documents and Settings\G Shay\My Documents\SiteForesight\Websites\Wolfson.net\web_images\photos\images\stgeorge_02.jpg --> www.siteforesight.com /httpdocs/wolfson/web_images/photos/images stgeorge_02.jpg
2006.02.07 16:19 B C:\Documents and Settings\G Shay\My Documents\SiteForesight\Websites\Wolfson.net\web_images\photos\images\nonstop_02.jpg --> www.siteforesight.com /httpdocs/wolfson/web_images/photos/images nonstop_02.jpg
2006.02.07 16:19 B C:\Documents and Settings\G Shay\My Documents\SiteForesight\Websites\Wolfson.net\web_images\photos\images\playboys_02.jpg --> www.siteforesight.com /httpdocs/wolfson/web_images/photos/images playboys_02.jpg
2006.02.07 16:23 B C:\Documents and Settings\G Shay\My Documents\SiteForesight\Websites\Wolfson.net\web_images\photos\images\playboys_02.jpg --> www.siteforesight.com /httpdocs/wolfson/web_images/photos/images playboys_02.jpg
2006.02.07 16:25 B C:\Documents and Settings\G Shay\My Documents\SiteForesight\Websites\Wolfson.net\web_images\photos\images\playboys.jpg --> www.siteforesight.com /httpdocs/wolfson/web_images/photos/images playboys.jpg
2006.02.07 16:32 B C:\Documents and Settings\G Shay\My Documents\SiteForesight\Websites\Wolfson.net\web_images\photos\images\nonstop.jpg --> www.siteforesight.com /httpdocs/wolfson/web_images/photos/images nonstop.jpg
2006.02.09 18:03 B C:\Documents and Settings\G Shay\My Documents\SiteForesight\Websites\Wolfson.net\web_images\photos\images\gasland_02.jpg --> www.siteforesight.com /httpdocs/wolfson/web_images/photos/images gasland_02.jpg
2006.02.09 18:03 B C:\Documents and Settings\G Shay\My Documents\SiteForesight\Websites\Wolfson.net\web_images\photos\images\gasland.jpg --> www.siteforesight.com /httpdocs/wolfson/web_images/photos/images gasland.jpg
2006.02.09 18:03 B C:\Documents and Settings\G Shay\My Documents\SiteForesight\Websites\Wolfson.net\web_images\photos\images\brooklynroof_04.jpg --> www.siteforesight.com /httpdocs/wolfson/web_images/photos/images brooklynroof_04.jpg
2006.02.09 18:03 B C:\Documents and Settings\G Shay\My Documents\SiteForesight\Websites\Wolfson.net\web_images\photos\images\brooklynroof_03.jpg --> www.siteforesight.com /httpdocs/wolfson/web_images/photos/images brooklynroof_03.jpg
2006.02.09 18:03 B C:\Documents and Settings\G Shay\My Documents\SiteForesight\Websites\Wolfson.net\web_images\photos\images\brooklynroof_02.jpg --> www.siteforesight.com /httpdocs/wolfson/web_images/photos/images brooklynroof_02.jpg
2006.02.09 18:07 B C:\Documents and Settings\G Shay\My Documents\SiteForesight\Websites\Wolfson.net\web_images\photos\images\penn.jpg --> www.siteforesight.com /httpdocs/wolfson/web_images/photos/images penn.jpg
