2006.02.02 08:55 B C:\Documents and Settings\G Shay\My Documents\SiteForesight\Websites\Wolfson.net\web_images\photos\thumbnails\01_tubebar.jpg --> www.siteforesight.com /httpdocs/wolfson/web_images/photos/thumbnails 01_tubebar.jpg
2006.02.02 08:55 B C:\Documents and Settings\G Shay\My Documents\SiteForesight\Websites\Wolfson.net\web_images\photos\thumbnails\02_loral.jpg --> www.siteforesight.com /httpdocs/wolfson/web_images/photos/thumbnails 02_loral.jpg
2006.02.02 08:55 B C:\Documents and Settings\G Shay\My Documents\SiteForesight\Websites\Wolfson.net\web_images\photos\thumbnails\03_blvddrink2.jpg --> www.siteforesight.com /httpdocs/wolfson/web_images/photos/thumbnails 03_blvddrink2.jpg
2006.02.02 08:55 B C:\Documents and Settings\G Shay\My Documents\SiteForesight\Websites\Wolfson.net\web_images\photos\thumbnails\04_follies.jpg --> www.siteforesight.com /httpdocs/wolfson/web_images/photos/thumbnails 04_follies.jpg
2006.02.02 08:55 B C:\Documents and Settings\G Shay\My Documents\SiteForesight\Websites\Wolfson.net\web_images\photos\thumbnails\05_casino.jpg --> www.siteforesight.com /httpdocs/wolfson/web_images/photos/thumbnails 05_casino.jpg
2006.02.02 08:55 B C:\Documents and Settings\G Shay\My Documents\SiteForesight\Websites\Wolfson.net\web_images\photos\thumbnails\06_missadiner.jpg --> www.siteforesight.com /httpdocs/wolfson/web_images/photos/thumbnails 06_missadiner.jpg
2006.02.02 08:55 B C:\Documents and Settings\G Shay\My Documents\SiteForesight\Websites\Wolfson.net\web_images\photos\thumbnails\07_nonstop.jpg --> www.siteforesight.com /httpdocs/wolfson/web_images/photos/thumbnails 07_nonstop.jpg
2006.02.02 08:55 B C:\Documents and Settings\G Shay\My Documents\SiteForesight\Websites\Wolfson.net\web_images\photos\thumbnails\08_playboys.jpg --> www.siteforesight.com /httpdocs/wolfson/web_images/photos/thumbnails 08_playboys.jpg
2006.02.02 08:55 B C:\Documents and Settings\G Shay\My Documents\SiteForesight\Websites\Wolfson.net\web_images\photos\thumbnails\09_stgeorge.jpg --> www.siteforesight.com /httpdocs/wolfson/web_images/photos/thumbnails 09_stgeorge.jpg
2006.02.02 08:55 B C:\Documents and Settings\G Shay\My Documents\SiteForesight\Websites\Wolfson.net\web_images\photos\thumbnails\10_wildgirls.jpg --> www.siteforesight.com /httpdocs/wolfson/web_images/photos/thumbnails 10_wildgirls.jpg
2006.02.02 08:55 B C:\Documents and Settings\G Shay\My Documents\SiteForesight\Websites\Wolfson.net\web_images\photos\thumbnails\11_penn.jpg --> www.siteforesight.com /httpdocs/wolfson/web_images/photos/thumbnails 11_penn.jpg
2006.02.02 08:55 B C:\Documents and Settings\G Shay\My Documents\SiteForesight\Websites\Wolfson.net\web_images\photos\thumbnails\12_blvddrinks1.jpg --> www.siteforesight.com /httpdocs/wolfson/web_images/photos/thumbnails 12_blvddrinks1.jpg
2006.02.02 08:55 B C:\Documents and Settings\G Shay\My Documents\SiteForesight\Websites\Wolfson.net\web_images\photos\thumbnails\13_333st.jpg --> www.siteforesight.com /httpdocs/wolfson/web_images/photos/thumbnails 13_333st.jpg
2006.02.02 08:55 B C:\Documents and Settings\G Shay\My Documents\SiteForesight\Websites\Wolfson.net\web_images\photos\thumbnails\14_canalbroadway.jpg --> www.siteforesight.com /httpdocs/wolfson/web_images/photos/thumbnails 14_canalbroadway.jpg
2006.02.02 08:55 B C:\Documents and Settings\G Shay\My Documents\SiteForesight\Websites\Wolfson.net\web_images\photos\thumbnails\15_gasland.jpg --> www.siteforesight.com /httpdocs/wolfson/web_images/photos/thumbnails 15_gasland.jpg
2006.02.02 08:55 B C:\Documents and Settings\G Shay\My Documents\SiteForesight\Websites\Wolfson.net\web_images\photos\thumbnails\16_flamingo.jpg --> www.siteforesight.com /httpdocs/wolfson/web_images/photos/thumbnails 16_flamingo.jpg
2006.02.02 08:55 B C:\Documents and Settings\G Shay\My Documents\SiteForesight\Websites\Wolfson.net\web_images\photos\thumbnails\17_hotelcav.jpg --> www.siteforesight.com /httpdocs/wolfson/web_images/photos/thumbnails 17_hotelcav.jpg
2006.02.02 08:55 B C:\Documents and Settings\G Shay\My Documents\SiteForesight\Websites\Wolfson.net\web_images\photos\thumbnails\18_hotelhall.jpg --> www.siteforesight.com /httpdocs/wolfson/web_images/photos/thumbnails 18_hotelhall.jpg
2006.02.02 08:55 B C:\Documents and Settings\G Shay\My Documents\SiteForesight\Websites\Wolfson.net\web_images\photos\thumbnails\19_hudsonhotel.jpg --> www.siteforesight.com /httpdocs/wolfson/web_images/photos/thumbnails 19_hudsonhotel.jpg
2006.02.02 08:55 B C:\Documents and Settings\G Shay\My Documents\SiteForesight\Websites\Wolfson.net\web_images\photos\thumbnails\20_mas.jpg --> www.siteforesight.com /httpdocs/wolfson/web_images/photos/thumbnails 20_mas.jpg
2006.02.02 08:55 B C:\Documents and Settings\G Shay\My Documents\SiteForesight\Websites\Wolfson.net\web_images\photos\thumbnails\21_midtowndiner.jpg --> www.siteforesight.com /httpdocs/wolfson/web_images/photos/thumbnails 21_midtowndiner.jpg
2006.02.02 08:55 B C:\Documents and Settings\G Shay\My Documents\SiteForesight\Websites\Wolfson.net\web_images\photos\thumbnails\22_moes.jpg --> www.siteforesight.com /httpdocs/wolfson/web_images/photos/thumbnails 22_moes.jpg
2006.02.02 08:55 B C:\Documents and Settings\G Shay\My Documents\SiteForesight\Websites\Wolfson.net\web_images\photos\thumbnails\23_mrlucky.jpg --> www.siteforesight.com /httpdocs/wolfson/web_images/photos/thumbnails 23_mrlucky.jpg
2006.02.02 08:55 B C:\Documents and Settings\G Shay\My Documents\SiteForesight\Websites\Wolfson.net\web_images\photos\thumbnails\24_nyarmynavy.jpg --> www.siteforesight.com /httpdocs/wolfson/web_images/photos/thumbnails 24_nyarmynavy.jpg
2006.02.02 08:55 B C:\Documents and Settings\G Shay\My Documents\SiteForesight\Websites\Wolfson.net\web_images\photos\thumbnails\25_nybest.jpg --> www.siteforesight.com /httpdocs/wolfson/web_images/photos/thumbnails 25_nybest.jpg
2006.02.02 08:55 B C:\Documents and Settings\G Shay\My Documents\SiteForesight\Websites\Wolfson.net\web_images\photos\thumbnails\26_occhotelroon.jpg --> www.siteforesight.com /httpdocs/wolfson/web_images/photos/thumbnails 26_occhotelroon.jpg
2006.02.02 08:55 B C:\Documents and Settings\G Shay\My Documents\SiteForesight\Websites\Wolfson.net\web_images\photos\thumbnails\27_paradisehotel.jpg --> www.siteforesight.com /httpdocs/wolfson/web_images/photos/thumbnails 27_paradisehotel.jpg
2006.02.02 08:55 B C:\Documents and Settings\G Shay\My Documents\SiteForesight\Websites\Wolfson.net\web_images\photos\thumbnails\28_phonebooth.jpg --> www.siteforesight.com /httpdocs/wolfson/web_images/photos/thumbnails 28_phonebooth.jpg
2006.02.02 08:55 B C:\Documents and Settings\G Shay\My Documents\SiteForesight\Websites\Wolfson.net\web_images\photos\thumbnails\29_rialtocinema.jpg --> www.siteforesight.com /httpdocs/wolfson/web_images/photos/thumbnails 29_rialtocinema.jpg
2006.02.02 08:55 B C:\Documents and Settings\G Shay\My Documents\SiteForesight\Websites\Wolfson.net\web_images\photos\thumbnails\30_brooklynroof.jpg --> www.siteforesight.com /httpdocs/wolfson/web_images/photos/thumbnails 30_brooklynroof.jpg
2006.02.02 08:55 B C:\Documents and Settings\G Shay\My Documents\SiteForesight\Websites\Wolfson.net\web_images\photos\thumbnails\31_stcorner1.jpg --> www.siteforesight.com /httpdocs/wolfson/web_images/photos/thumbnails 31_stcorner1.jpg
2006.02.02 08:55 B C:\Documents and Settings\G Shay\My Documents\SiteForesight\Websites\Wolfson.net\web_images\photos\thumbnails\32_stcorner2.jpg --> www.siteforesight.com /httpdocs/wolfson/web_images/photos/thumbnails 32_stcorner2.jpg
2006.02.02 08:55 B C:\Documents and Settings\G Shay\My Documents\SiteForesight\Websites\Wolfson.net\web_images\photos\thumbnails\33_subway.jpg --> www.siteforesight.com /httpdocs/wolfson/web_images/photos/thumbnails 33_subway.jpg
2006.02.02 08:55 B C:\Documents and Settings\G Shay\My Documents\SiteForesight\Websites\Wolfson.net\web_images\photos\thumbnails\33st.jpg --> www.siteforesight.com /httpdocs/wolfson/web_images/photos/thumbnails 33st.jpg
2006.02.02 08:55 B C:\Documents and Settings\G Shay\My Documents\SiteForesight\Websites\Wolfson.net\web_images\photos\thumbnails\34_subwaykiosk.jpg --> www.siteforesight.com /httpdocs/wolfson/web_images/photos/thumbnails 34_subwaykiosk.jpg
2006.02.02 08:55 B C:\Documents and Settings\G Shay\My Documents\SiteForesight\Websites\Wolfson.net\web_images\photos\thumbnails\35_terminaldiner.jpg --> www.siteforesight.com /httpdocs/wolfson/web_images/photos/thumbnails 35_terminaldiner.jpg
2006.02.02 08:55 B C:\Documents and Settings\G Shay\My Documents\SiteForesight\Websites\Wolfson.net\web_images\photos\thumbnails\36_timessq.jpg --> www.siteforesight.com /httpdocs/wolfson/web_images/photos/thumbnails 36_timessq.jpg
2006.02.02 08:55 B C:\Documents and Settings\G Shay\My Documents\SiteForesight\Websites\Wolfson.net\web_images\photos\thumbnails\37_toatlanticave.jpg --> www.siteforesight.com /httpdocs/wolfson/web_images/photos/thumbnails 37_toatlanticave.jpg
2006.02.02 08:55 B C:\Documents and Settings\G Shay\My Documents\SiteForesight\Websites\Wolfson.net\web_images\photos\thumbnails\38_truelove.jpg --> www.siteforesight.com /httpdocs/wolfson/web_images/photos/thumbnails 38_truelove.jpg
2006.02.02 08:55 B C:\Documents and Settings\G Shay\My Documents\SiteForesight\Websites\Wolfson.net\web_images\photos\thumbnails\39_villagecigars.jpg --> www.siteforesight.com /httpdocs/wolfson/web_images/photos/thumbnails 39_villagecigars.jpg
2006.02.02 08:55 B C:\Documents and Settings\G Shay\My Documents\SiteForesight\Websites\Wolfson.net\web_images\photos\thumbnails\40_whitetower.jpg --> www.siteforesight.com /httpdocs/wolfson/web_images/photos/thumbnails 40_whitetower.jpg
2006.02.02 08:56 B C:\Documents and Settings\G Shay\My Documents\SiteForesight\Websites\Wolfson.net\web_images\photos\thumbnails\41_nathans.jpg --> www.siteforesight.com /httpdocs/wolfson/web_images/photos/thumbnails 41_nathans.jpg
2006.02.02 08:56 B C:\Documents and Settings\G Shay\My Documents\SiteForesight\Websites\Wolfson.net\web_images\photos\thumbnails\blvddrink2.jpg --> www.siteforesight.com /httpdocs/wolfson/web_images/photos/thumbnails blvddrink2.jpg
2006.02.02 08:56 B C:\Documents and Settings\G Shay\My Documents\SiteForesight\Websites\Wolfson.net\web_images\photos\thumbnails\blvddrinks1.jpg --> www.siteforesight.com /httpdocs/wolfson/web_images/photos/thumbnails blvddrinks1.jpg
2006.02.02 08:56 B C:\Documents and Settings\G Shay\My Documents\SiteForesight\Websites\Wolfson.net\web_images\photos\thumbnails\brooklynroof.jpg --> www.siteforesight.com /httpdocs/wolfson/web_images/photos/thumbnails brooklynroof.jpg
2006.02.02 08:56 B C:\Documents and Settings\G Shay\My Documents\SiteForesight\Websites\Wolfson.net\web_images\photos\thumbnails\canalbroadway.jpg --> www.siteforesight.com /httpdocs/wolfson/web_images/photos/thumbnails canalbroadway.jpg
2006.02.02 08:56 B C:\Documents and Settings\G Shay\My Documents\SiteForesight\Websites\Wolfson.net\web_images\photos\thumbnails\casino.jpg --> www.siteforesight.com /httpdocs/wolfson/web_images/photos/thumbnails casino.jpg
2006.02.02 08:56 B C:\Documents and Settings\G Shay\My Documents\SiteForesight\Websites\Wolfson.net\web_images\photos\thumbnails\flamingo.jpg --> www.siteforesight.com /httpdocs/wolfson/web_images/photos/thumbnails flamingo.jpg
2006.02.02 08:56 B C:\Documents and Settings\G Shay\My Documents\SiteForesight\Websites\Wolfson.net\web_images\photos\thumbnails\follies.jpg --> www.siteforesight.com /httpdocs/wolfson/web_images/photos/thumbnails follies.jpg
2006.02.02 08:56 B C:\Documents and Settings\G Shay\My Documents\SiteForesight\Websites\Wolfson.net\web_images\photos\thumbnails\gasland.jpg --> www.siteforesight.com /httpdocs/wolfson/web_images/photos/thumbnails gasland.jpg
2006.02.02 08:56 B C:\Documents and Settings\G Shay\My Documents\SiteForesight\Websites\Wolfson.net\web_images\photos\thumbnails\hotelcav.jpg --> www.siteforesight.com /httpdocs/wolfson/web_images/photos/thumbnails hotelcav.jpg
2006.02.02 08:56 B C:\Documents and Settings\G Shay\My Documents\SiteForesight\Websites\Wolfson.net\web_images\photos\thumbnails\hotelhall.jpg --> www.siteforesight.com /httpdocs/wolfson/web_images/photos/thumbnails hotelhall.jpg
2006.02.02 08:56 B C:\Documents and Settings\G Shay\My Documents\SiteForesight\Websites\Wolfson.net\web_images\photos\thumbnails\hudsonhotel.jpg --> www.siteforesight.com /httpdocs/wolfson/web_images/photos/thumbnails hudsonhotel.jpg
2006.02.02 08:56 B C:\Documents and Settings\G Shay\My Documents\SiteForesight\Websites\Wolfson.net\web_images\photos\thumbnails\loral.jpg --> www.siteforesight.com /httpdocs/wolfson/web_images/photos/thumbnails loral.jpg
2006.02.02 08:56 B C:\Documents and Settings\G Shay\My Documents\SiteForesight\Websites\Wolfson.net\web_images\photos\thumbnails\mas.jpg --> www.siteforesight.com /httpdocs/wolfson/web_images/photos/thumbnails mas.jpg
2006.02.02 08:56 B C:\Documents and Settings\G Shay\My Documents\SiteForesight\Websites\Wolfson.net\web_images\photos\thumbnails\midtowndiner.jpg --> www.siteforesight.com /httpdocs/wolfson/web_images/photos/thumbnails midtowndiner.jpg
2006.02.02 08:56 B C:\Documents and Settings\G Shay\My Documents\SiteForesight\Websites\Wolfson.net\web_images\photos\thumbnails\Miss America_fullview_grey_GS.jpg --> www.siteforesight.com /httpdocs/wolfson/web_images/photos/thumbnails Miss America_fullview_grey_GS.jpg
2006.02.02 08:56 B C:\Documents and Settings\G Shay\My Documents\SiteForesight\Websites\Wolfson.net\web_images\photos\thumbnails\missadiner.jpg --> www.siteforesight.com /httpdocs/wolfson/web_images/photos/thumbnails missadiner.jpg
2006.02.02 08:56 B C:\Documents and Settings\G Shay\My Documents\SiteForesight\Websites\Wolfson.net\web_images\photos\thumbnails\MissAmerica_angleview_GS.jpg --> www.siteforesight.com /httpdocs/wolfson/web_images/photos/thumbnails MissAmerica_angleview_GS.jpg
2006.02.02 08:56 B C:\Documents and Settings\G Shay\My Documents\SiteForesight\Websites\Wolfson.net\web_images\photos\thumbnails\MissAmerica_front_GS.jpg --> www.siteforesight.com /httpdocs/wolfson/web_images/photos/thumbnails MissAmerica_front_GS.jpg
2006.02.02 08:56 B C:\Documents and Settings\G Shay\My Documents\SiteForesight\Websites\Wolfson.net\web_images\photos\thumbnails\MissAmerica_fullinterior_GS.jpg --> www.siteforesight.com /httpdocs/wolfson/web_images/photos/thumbnails MissAmerica_fullinterior_GS.jpg
2006.02.02 08:56 B C:\Documents and Settings\G Shay\My Documents\SiteForesight\Websites\Wolfson.net\web_images\photos\thumbnails\MissAmerica_fullview_GS.jpg --> www.siteforesight.com /httpdocs/wolfson/web_images/photos/thumbnails MissAmerica_fullview_GS.jpg
2006.02.02 08:56 B C:\Documents and Settings\G Shay\My Documents\SiteForesight\Websites\Wolfson.net\web_images\photos\thumbnails\MissAmerica_register_GS.jpg --> www.siteforesight.com /httpdocs/wolfson/web_images/photos/thumbnails MissAmerica_register_GS.jpg
2006.02.02 08:56 B C:\Documents and Settings\G Shay\My Documents\SiteForesight\Websites\Wolfson.net\web_images\photos\thumbnails\MissAmerica_roof_GS.jpg --> www.siteforesight.com /httpdocs/wolfson/web_images/photos/thumbnails MissAmerica_roof_GS.jpg
2006.02.02 08:56 B C:\Documents and Settings\G Shay\My Documents\SiteForesight\Websites\Wolfson.net\web_images\photos\thumbnails\MissAmerica_tables_GS.jpg --> www.siteforesight.com /httpdocs/wolfson/web_images/photos/thumbnails MissAmerica_tables_GS.jpg
2006.02.02 08:56 B C:\Documents and Settings\G Shay\My Documents\SiteForesight\Websites\Wolfson.net\web_images\photos\thumbnails\moes.jpg --> www.siteforesight.com /httpdocs/wolfson/web_images/photos/thumbnails moes.jpg
2006.02.02 08:56 B C:\Documents and Settings\G Shay\My Documents\SiteForesight\Websites\Wolfson.net\web_images\photos\thumbnails\mrlucky.jpg --> www.siteforesight.com /httpdocs/wolfson/web_images/photos/thumbnails mrlucky.jpg
2006.02.02 08:56 B C:\Documents and Settings\G Shay\My Documents\SiteForesight\Websites\Wolfson.net\web_images\photos\thumbnails\nathans.jpg --> www.siteforesight.com /httpdocs/wolfson/web_images/photos/thumbnails nathans.jpg
2006.02.02 08:56 B C:\Documents and Settings\G Shay\My Documents\SiteForesight\Websites\Wolfson.net\web_images\photos\thumbnails\nonstop.jpg --> www.siteforesight.com /httpdocs/wolfson/web_images/photos/thumbnails nonstop.jpg
2006.02.02 08:56 B C:\Documents and Settings\G Shay\My Documents\SiteForesight\Websites\Wolfson.net\web_images\photos\thumbnails\nyarmynavy.jpg --> www.siteforesight.com /httpdocs/wolfson/web_images/photos/thumbnails nyarmynavy.jpg
2006.02.02 08:56 B C:\Documents and Settings\G Shay\My Documents\SiteForesight\Websites\Wolfson.net\web_images\photos\thumbnails\nybest.jpg --> www.siteforesight.com /httpdocs/wolfson/web_images/photos/thumbnails nybest.jpg
2006.02.02 08:56 B C:\Documents and Settings\G Shay\My Documents\SiteForesight\Websites\Wolfson.net\web_images\photos\thumbnails\occhotelroon.jpg --> www.siteforesight.com /httpdocs/wolfson/web_images/photos/thumbnails occhotelroon.jpg
2006.02.02 08:56 B C:\Documents and Settings\G Shay\My Documents\SiteForesight\Websites\Wolfson.net\web_images\photos\thumbnails\paradisehotel.jpg --> www.siteforesight.com /httpdocs/wolfson/web_images/photos/thumbnails paradisehotel.jpg
2006.02.02 08:56 B C:\Documents and Settings\G Shay\My Documents\SiteForesight\Websites\Wolfson.net\web_images\photos\thumbnails\penn.jpg --> www.siteforesight.com /httpdocs/wolfson/web_images/photos/thumbnails penn.jpg
2006.02.02 08:56 B C:\Documents and Settings\G Shay\My Documents\SiteForesight\Websites\Wolfson.net\web_images\photos\thumbnails\phonebooth.jpg --> www.siteforesight.com /httpdocs/wolfson/web_images/photos/thumbnails phonebooth.jpg
2006.02.02 08:56 B C:\Documents and Settings\G Shay\My Documents\SiteForesight\Websites\Wolfson.net\web_images\photos\thumbnails\playboys.jpg --> www.siteforesight.com /httpdocs/wolfson/web_images/photos/thumbnails playboys.jpg
2006.02.02 08:56 B C:\Documents and Settings\G Shay\My Documents\SiteForesight\Websites\Wolfson.net\web_images\photos\thumbnails\rialtocinema.jpg --> www.siteforesight.com /httpdocs/wolfson/web_images/photos/thumbnails rialtocinema.jpg
2006.02.02 08:56 B C:\Documents and Settings\G Shay\My Documents\SiteForesight\Websites\Wolfson.net\web_images\photos\thumbnails\stcorner1.jpg --> www.siteforesight.com /httpdocs/wolfson/web_images/photos/thumbnails stcorner1.jpg
2006.02.02 08:56 B C:\Documents and Settings\G Shay\My Documents\SiteForesight\Websites\Wolfson.net\web_images\photos\thumbnails\stcorner2.jpg --> www.siteforesight.com /httpdocs/wolfson/web_images/photos/thumbnails stcorner2.jpg
2006.02.02 08:57 B C:\Documents and Settings\G Shay\My Documents\SiteForesight\Websites\Wolfson.net\web_images\photos\thumbnails\stgeorge.jpg --> www.siteforesight.com /httpdocs/wolfson/web_images/photos/thumbnails stgeorge.jpg
2006.02.02 08:57 B C:\Documents and Settings\G Shay\My Documents\SiteForesight\Websites\Wolfson.net\web_images\photos\thumbnails\subway.jpg --> www.siteforesight.com /httpdocs/wolfson/web_images/photos/thumbnails subway.jpg
2006.02.02 08:57 B C:\Documents and Settings\G Shay\My Documents\SiteForesight\Websites\Wolfson.net\web_images\photos\thumbnails\subwaykiosk.jpg --> www.siteforesight.com /httpdocs/wolfson/web_images/photos/thumbnails subwaykiosk.jpg
2006.02.02 08:57 B C:\Documents and Settings\G Shay\My Documents\SiteForesight\Websites\Wolfson.net\web_images\photos\thumbnails\terminaldiner.jpg --> www.siteforesight.com /httpdocs/wolfson/web_images/photos/thumbnails terminaldiner.jpg
2006.02.02 08:57 B C:\Documents and Settings\G Shay\My Documents\SiteForesight\Websites\Wolfson.net\web_images\photos\thumbnails\Thumbs.db --> www.siteforesight.com /httpdocs/wolfson/web_images/photos/thumbnails Thumbs.db
2006.02.02 08:57 B C:\Documents and Settings\G Shay\My Documents\SiteForesight\Websites\Wolfson.net\web_images\photos\thumbnails\timessq.jpg --> www.siteforesight.com /httpdocs/wolfson/web_images/photos/thumbnails timessq.jpg
2006.02.02 08:57 B C:\Documents and Settings\G Shay\My Documents\SiteForesight\Websites\Wolfson.net\web_images\photos\thumbnails\toatlanticave.jpg --> www.siteforesight.com /httpdocs/wolfson/web_images/photos/thumbnails toatlanticave.jpg
2006.02.02 08:57 B C:\Documents and Settings\G Shay\My Documents\SiteForesight\Websites\Wolfson.net\web_images\photos\thumbnails\truelove.jpg --> www.siteforesight.com /httpdocs/wolfson/web_images/photos/thumbnails truelove.jpg
2006.02.02 08:57 B C:\Documents and Settings\G Shay\My Documents\SiteForesight\Websites\Wolfson.net\web_images\photos\thumbnails\tubebar.jpg --> www.siteforesight.com /httpdocs/wolfson/web_images/photos/thumbnails tubebar.jpg
2006.02.02 08:57 B C:\Documents and Settings\G Shay\My Documents\SiteForesight\Websites\Wolfson.net\web_images\photos\thumbnails\village_cigarsGstylexlCC.jpg --> www.siteforesight.com /httpdocs/wolfson/web_images/photos/thumbnails village_cigarsGstylexlCC.jpg
2006.02.02 08:57 B C:\Documents and Settings\G Shay\My Documents\SiteForesight\Websites\Wolfson.net\web_images\photos\thumbnails\villagecigars.jpg --> www.siteforesight.com /httpdocs/wolfson/web_images/photos/thumbnails villagecigars.jpg
2006.02.02 08:57 B C:\Documents and Settings\G Shay\My Documents\SiteForesight\Websites\Wolfson.net\web_images\photos\thumbnails\whitetower.jpg --> www.siteforesight.com /httpdocs/wolfson/web_images/photos/thumbnails whitetower.jpg
2006.02.02 08:57 B C:\Documents and Settings\G Shay\My Documents\SiteForesight\Websites\Wolfson.net\web_images\photos\thumbnails\wildgirls.jpg --> www.siteforesight.com /httpdocs/wolfson/web_images/photos/thumbnails wildgirls.jpg
2006.02.02 20:43 B C:\Documents and Settings\G Shay\My Documents\SiteForesight\Websites\Wolfson.net\web_images\photos\thumbnails\casino.jpg --> www.siteforesight.com /httpdocs/wolfson/web_images/photos/thumbnails casino.jpg
2006.02.02 20:43 B C:\Documents and Settings\G Shay\My Documents\SiteForesight\Websites\Wolfson.net\web_images\photos\thumbnails\villagecigars.jpg --> www.siteforesight.com /httpdocs/wolfson/web_images/photos/thumbnails villagecigars.jpg
2006.02.02 20:45 B C:\Documents and Settings\G Shay\My Documents\SiteForesight\Websites\Wolfson.net\web_images\photos\thumbnails\occhotelroom.jpg --> www.siteforesight.com /httpdocs/wolfson/web_images/photos/thumbnails occhotelroom.jpg
2006.02.07 16:30 B C:\Documents and Settings\G Shay\My Documents\SiteForesight\Websites\Wolfson.net\web_images\photos\thumbnails\playboys.jpg --> www.siteforesight.com /httpdocs/wolfson/web_images/photos/thumbnails playboys.jpg
2006.02.07 16:32 B C:\Documents and Settings\G Shay\My Documents\SiteForesight\Websites\Wolfson.net\web_images\photos\thumbnails\nonstop.jpg --> www.siteforesight.com /httpdocs/wolfson/web_images/photos/thumbnails nonstop.jpg
2006.02.07 16:34 B C:\Documents and Settings\G Shay\My Documents\SiteForesight\Websites\Wolfson.net\web_images\photos\thumbnails\nonstop.jpg --> www.siteforesight.com /httpdocs/wolfson/web_images/photos/thumbnails nonstop.jpg
