2006.01.27 12:03 B C:\Documents and Settings\G Shay\My Documents\SiteForesight\Websites\Wolfson.net\web_images\hm_nav_01.gif --> www.siteforesight.com /httpdocs/wolfson/web_images hm_nav_01.gif
2006.01.27 12:03 B C:\Documents and Settings\G Shay\My Documents\SiteForesight\Websites\Wolfson.net\web_images\hm_nav_01_r.gif --> www.siteforesight.com /httpdocs/wolfson/web_images hm_nav_01_r.gif
2006.01.27 12:03 B C:\Documents and Settings\G Shay\My Documents\SiteForesight\Websites\Wolfson.net\web_images\hm_nav_02.gif --> www.siteforesight.com /httpdocs/wolfson/web_images hm_nav_02.gif
2006.01.27 12:03 B C:\Documents and Settings\G Shay\My Documents\SiteForesight\Websites\Wolfson.net\web_images\hm_nav_02_r.gif --> www.siteforesight.com /httpdocs/wolfson/web_images hm_nav_02_r.gif
2006.01.27 12:03 B C:\Documents and Settings\G Shay\My Documents\SiteForesight\Websites\Wolfson.net\web_images\hm_nav_03.gif --> www.siteforesight.com /httpdocs/wolfson/web_images hm_nav_03.gif
2006.01.27 12:03 B C:\Documents and Settings\G Shay\My Documents\SiteForesight\Websites\Wolfson.net\web_images\hm_nav_03_r.gif --> www.siteforesight.com /httpdocs/wolfson/web_images hm_nav_03_r.gif
2006.01.27 12:03 B C:\Documents and Settings\G Shay\My Documents\SiteForesight\Websites\Wolfson.net\web_images\hm_nav_04.gif --> www.siteforesight.com /httpdocs/wolfson/web_images hm_nav_04.gif
2006.01.27 12:03 B C:\Documents and Settings\G Shay\My Documents\SiteForesight\Websites\Wolfson.net\web_images\hm_nav_04_r.gif --> www.siteforesight.com /httpdocs/wolfson/web_images hm_nav_04_r.gif
2006.02.02 08:51 B C:\Documents and Settings\G Shay\My Documents\SiteForesight\Websites\Wolfson.net\web_images\banner_final.gif --> www.siteforesight.com /httpdocs/wolfson/web_images banner_final.gif
2006.02.02 08:51 B C:\Documents and Settings\G Shay\My Documents\SiteForesight\Websites\Wolfson.net\web_images\hd_bio.gif --> www.siteforesight.com /httpdocs/wolfson/web_images hd_bio.gif
2006.02.02 08:51 B C:\Documents and Settings\G Shay\My Documents\SiteForesight\Websites\Wolfson.net\web_images\hd_contact.gif --> www.siteforesight.com /httpdocs/wolfson/web_images hd_contact.gif
2006.02.02 08:51 B C:\Documents and Settings\G Shay\My Documents\SiteForesight\Websites\Wolfson.net\web_images\hd_news.gif --> www.siteforesight.com /httpdocs/wolfson/web_images hd_news.gif
2006.02.02 08:51 B C:\Documents and Settings\G Shay\My Documents\SiteForesight\Websites\Wolfson.net\web_images\hd_sculpt.gif --> www.siteforesight.com /httpdocs/wolfson/web_images hd_sculpt.gif
2006.02.02 08:51 B C:\Documents and Settings\G Shay\My Documents\SiteForesight\Websites\Wolfson.net\web_images\hm_nav_01.gif --> www.siteforesight.com /httpdocs/wolfson/web_images hm_nav_01.gif
2006.02.02 08:51 B C:\Documents and Settings\G Shay\My Documents\SiteForesight\Websites\Wolfson.net\web_images\hm_nav_01_r.gif --> www.siteforesight.com /httpdocs/wolfson/web_images hm_nav_01_r.gif
2006.02.02 08:51 B C:\Documents and Settings\G Shay\My Documents\SiteForesight\Websites\Wolfson.net\web_images\hm_nav_02.gif --> www.siteforesight.com /httpdocs/wolfson/web_images hm_nav_02.gif
2006.02.02 08:51 B C:\Documents and Settings\G Shay\My Documents\SiteForesight\Websites\Wolfson.net\web_images\hm_nav_02_r.gif --> www.siteforesight.com /httpdocs/wolfson/web_images hm_nav_02_r.gif
2006.02.02 08:51 B C:\Documents and Settings\G Shay\My Documents\SiteForesight\Websites\Wolfson.net\web_images\hm_nav_03.gif --> www.siteforesight.com /httpdocs/wolfson/web_images hm_nav_03.gif
2006.02.02 08:51 B C:\Documents and Settings\G Shay\My Documents\SiteForesight\Websites\Wolfson.net\web_images\hm_nav_03_r.gif --> www.siteforesight.com /httpdocs/wolfson/web_images hm_nav_03_r.gif
2006.02.02 08:51 B C:\Documents and Settings\G Shay\My Documents\SiteForesight\Websites\Wolfson.net\web_images\hm_nav_04.gif --> www.siteforesight.com /httpdocs/wolfson/web_images hm_nav_04.gif
2006.02.02 08:51 B C:\Documents and Settings\G Shay\My Documents\SiteForesight\Websites\Wolfson.net\web_images\hm_nav_04_r.gif --> www.siteforesight.com /httpdocs/wolfson/web_images hm_nav_04_r.gif
2006.02.02 08:51 B C:\Documents and Settings\G Shay\My Documents\SiteForesight\Websites\Wolfson.net\web_images\in_nav_01.gif --> www.siteforesight.com /httpdocs/wolfson/web_images in_nav_01.gif
2006.02.02 08:51 B C:\Documents and Settings\G Shay\My Documents\SiteForesight\Websites\Wolfson.net\web_images\in_nav_01_r.gif --> www.siteforesight.com /httpdocs/wolfson/web_images in_nav_01_r.gif
2006.02.02 08:51 B C:\Documents and Settings\G Shay\My Documents\SiteForesight\Websites\Wolfson.net\web_images\in_nav_02.gif --> www.siteforesight.com /httpdocs/wolfson/web_images in_nav_02.gif
2006.02.02 08:51 B C:\Documents and Settings\G Shay\My Documents\SiteForesight\Websites\Wolfson.net\web_images\in_nav_02_r.gif --> www.siteforesight.com /httpdocs/wolfson/web_images in_nav_02_r.gif
2006.02.02 08:51 B C:\Documents and Settings\G Shay\My Documents\SiteForesight\Websites\Wolfson.net\web_images\in_nav_03.gif --> www.siteforesight.com /httpdocs/wolfson/web_images in_nav_03.gif
2006.02.02 08:51 B C:\Documents and Settings\G Shay\My Documents\SiteForesight\Websites\Wolfson.net\web_images\in_nav_03_r.gif --> www.siteforesight.com /httpdocs/wolfson/web_images in_nav_03_r.gif
2006.02.02 08:51 B C:\Documents and Settings\G Shay\My Documents\SiteForesight\Websites\Wolfson.net\web_images\in_nav_04.gif --> www.siteforesight.com /httpdocs/wolfson/web_images in_nav_04.gif
2006.02.02 08:51 B C:\Documents and Settings\G Shay\My Documents\SiteForesight\Websites\Wolfson.net\web_images\in_nav_04_r.gif --> www.siteforesight.com /httpdocs/wolfson/web_images in_nav_04_r.gif
2006.02.02 08:51 B C:\Documents and Settings\G Shay\My Documents\SiteForesight\Websites\Wolfson.net\web_images\in_nav_05.gif --> www.siteforesight.com /httpdocs/wolfson/web_images in_nav_05.gif
2006.02.02 08:51 B C:\Documents and Settings\G Shay\My Documents\SiteForesight\Websites\Wolfson.net\web_images\in_nav_05_r.gif --> www.siteforesight.com /httpdocs/wolfson/web_images in_nav_05_r.gif
2006.02.02 08:51 B C:\Documents and Settings\G Shay\My Documents\SiteForesight\Websites\Wolfson.net\web_images\sbhd_diners.gif --> www.siteforesight.com /httpdocs/wolfson/web_images sbhd_diners.gif
2006.02.02 08:51 B C:\Documents and Settings\G Shay\My Documents\SiteForesight\Websites\Wolfson.net\web_images\sbhd_other.gif --> www.siteforesight.com /httpdocs/wolfson/web_images sbhd_other.gif
2006.02.02 08:51 B C:\Documents and Settings\G Shay\My Documents\SiteForesight\Websites\Wolfson.net\web_images\sbhd_street.gif --> www.siteforesight.com /httpdocs/wolfson/web_images sbhd_street.gif
2006.02.02 08:51 B C:\Documents and Settings\G Shay\My Documents\SiteForesight\Websites\Wolfson.net\web_images\sbhd_subway.gif --> www.siteforesight.com /httpdocs/wolfson/web_images sbhd_subway.gif
2006.02.03 11:43 B C:\Documents and Settings\G Shay\My Documents\SiteForesight\Websites\Wolfson.net\web_images\ret_top_r.gif --> www.siteforesight.com /httpdocs/wolfson/web_images ret_top_r.gif
2006.02.03 11:43 B C:\Documents and Settings\G Shay\My Documents\SiteForesight\Websites\Wolfson.net\web_images\ret_tep.gif --> www.siteforesight.com /httpdocs/wolfson/web_images ret_tep.gif
2006.02.03 11:43 B C:\Documents and Settings\G Shay\My Documents\SiteForesight\Websites\Wolfson.net\web_images\footer.gif --> www.siteforesight.com /httpdocs/wolfson/web_images footer.gif
2006.02.03 16:39 B C:\Documents and Settings\G Shay\My Documents\SiteForesight\Websites\Wolfson.net\web_images\sbhd_contact.gif --> www.siteforesight.com /httpdocs/wolfson/web_images sbhd_contact.gif
2006.02.06 12:54 B C:\Documents and Settings\G Shay\My Documents\SiteForesight\Websites\Wolfson.net\web_images\footer.gif --> www.siteforesight.com /httpdocs/wolfson/web_images footer.gif
2006.02.06 14:10 B C:\Documents and Settings\G Shay\My Documents\SiteForesight\Websites\Wolfson.net\web_images\footer.gif --> www.siteforesight.com /httpdocs/wolfson/web_images footer.gif
